no change     /cm/shared/apps/Anaconda3/2023.09-0/condabin/conda
no change     /cm/shared/apps/Anaconda3/2023.09-0/bin/conda
no change     /cm/shared/apps/Anaconda3/2023.09-0/bin/conda-env
no change     /cm/shared/apps/Anaconda3/2023.09-0/bin/activate
no change     /cm/shared/apps/Anaconda3/2023.09-0/bin/deactivate
no change     /cm/shared/apps/Anaconda3/2023.09-0/etc/profile.d/conda.sh
no change     /cm/shared/apps/Anaconda3/2023.09-0/etc/fish/conf.d/conda.fish
no change     /cm/shared/apps/Anaconda3/2023.09-0/shell/condabin/Conda.psm1
no change     /cm/shared/apps/Anaconda3/2023.09-0/shell/condabin/conda-hook.ps1
no change     /cm/shared/apps/Anaconda3/2023.09-0/lib/python3.11/site-packages/xontrib/conda.xsh
no change     /cm/shared/apps/Anaconda3/2023.09-0/etc/profile.d/conda.csh
no change     /home/rmfrieske/.bashrc
No action taken.
Loading /scratch/vemotionsys/rmfrieske/datasets/cv-corpus-22.0-2025-06-20/en/train.tsv...
  Total training utterances: 1138422
Creating subset of 120000 utterances...
  Clean subset size: 120000
  Noisy utterances per config: 9600
  Written 120000 rows to /scratch/vemotionsys/rmfrieske/datasets/whisper_hallucination/base/train.tsv
  Copied dev.tsv to /scratch/vemotionsys/rmfrieske/datasets/whisper_hallucination
  Copied test.tsv to /scratch/vemotionsys/rmfrieske/datasets/whisper_hallucination

Creating uu (Unique-Unique) noise...
  Written 129600 rows to /scratch/vemotionsys/rmfrieske/datasets/whisper_hallucination/uu/train.tsv
  Written 9600 rows to /scratch/vemotionsys/rmfrieske/datasets/whisper_hallucination/uu/noisy_only.tsv
  uu: 120000 clean + 9600 noisy = 129600 total

Creating rr (Repeat-Repeat) noise...
  Written 129600 rows to /scratch/vemotionsys/rmfrieske/datasets/whisper_hallucination/rr/train.tsv
  Written 9600 rows to /scratch/vemotionsys/rmfrieske/datasets/whisper_hallucination/rr/noisy_only.tsv
  rr: 120000 clean + 9600 noisy = 129600 total

Creating ru (Repeat-Unique) noise...
Dataset preparation complete!
